Using pre-set license
Built from '2020.2/release' branch; Version is '2020.2.1f1 (270dd8c3da1c) revision 2559448'; Using compiler version '192528614'; Build Type 'Release'
OS: 'Windows 10  (10.0.0) 64bit' Language: 'fr' Physical Memory: 16335 MB
BatchMode: 1, IsHumanControllingUs: 0, StartBugReporterOnCrash: 0, Is64bit: 1, IsPro: 0

 COMMAND LINE ARGUMENTS:
D:\Unity Editors\2020.2.1f1\Editor\Unity.exe
-adb2
-batchMode
-noUpm
-name
AssetImportWorker0
-projectPath
D:/Unity Projects/Electric-Bongaloo
-logFile
Logs/AssetImportWorker0.log
-srvPort
57103
Successfully changed project path to: D:/Unity Projects/Electric-Bongaloo
D:/Unity Projects/Electric-Bongaloo
Using Asset Import Pipeline V2.
Refreshing native plugins compatible for Editor in 41.65 ms, found 1 plugins.
Preloading 0 native plugins for Editor in 0.00 ms.
Initialize engine version: 2020.2.1f1 (270dd8c3da1c)
[Subsystems] Discovering subsystems at path D:/Unity Editors/2020.2.1f1/Editor/Data/Resources/UnitySubsystems
[Subsystems] Discovering subsystems at path D:/Unity Projects/Electric-Bongaloo/Assets
GfxDevice: creating device client; threaded=0
Direct3D:
    Version:  Direct3D 11.0 [level 11.1]
    Renderer: NVIDIA GeForce GTX 1070 Ti (ID=0x1b82)
    Vendor:   
    VRAM:     8080 MB
    Driver:   26.21.14.3200
Initialize mono
Mono path[0] = 'D:/Unity Editors/2020.2.1f1/Editor/Data/Managed'
Mono path[1] = 'D:/Unity Editors/2020.2.1f1/Editor/Data/MonoBleedingEdge/lib/mono/unityjit'
Mono config path = 'D:/Unity Editors/2020.2.1f1/Editor/Data/MonoBleedingEdge/etc'
Using monoOptions --debugger-agent=transport=dt_socket,embedding=1,server=y,suspend=n,address=127.0.0.1:56072
Begin MonoManager ReloadAssembly
Registering precompiled unity dll's ...
Register platform support module: D:/Unity Editors/2020.2.1f1/Editor/Data/PlaybackEngines/WebGLSupport/UnityEditor.WebGL.Extensions.dll
Register platform support module: D:/Unity Editors/2020.2.1f1/Editor/Data/PlaybackEngines/MacStandaloneSupport/UnityEditor.OSXStandalone.Extensions.dll
Register platform support module: D:/Unity Editors/2020.2.1f1/Editor/Data/PlaybackEngines/WindowsStandaloneSupport/UnityEditor.WindowsStandalone.Extensions.dll
Register platform support module: D:/Unity Editors/2020.2.1f1/Editor/Data/PlaybackEngines/LinuxStandaloneSupport/UnityEditor.LinuxStandalone.Extensions.dll
Registered in 0.001731 seconds.
Native extension for LinuxStandalone target not found
Native extension for WindowsStandalone target not found
Native extension for OSXStandalone target not found
Native extension for WebGL target not found
Refreshing native plugins compatible for Editor in 40.01 ms, found 1 plugins.
Preloading 0 native plugins for Editor in 0.00 ms.
Invoked RoslynAnalysisRunner static constructor.
RoslynAnalysisRunner will not be running.
RoslynAnalysisRunner has terminated.
Mono: successfully reloaded assembly
- Completed reload, in  1.072 seconds
Platform modules already initialized, skipping
Registering precompiled user dll's ...
Registered in 0.000731 seconds.
Begin MonoManager ReloadAssembly
Native extension for LinuxStandalone target not found
Native extension for WindowsStandalone target not found
Native extension for OSXStandalone target not found
Native extension for WebGL target not found
Refreshing native plugins compatible for Editor in 41.34 ms, found 1 plugins.
Preloading 0 native plugins for Editor in 0.00 ms.
Invoked RoslynAnalysisRunner static constructor.
RoslynAnalysisRunner will not be running.
RoslynAnalysisRunner has terminated.
Mono: successfully reloaded assembly
- Completed reload, in  0.968 seconds
Platform modules already initialized, skipping
========================================================================
Worker process is ready to serve import requests
Launched and connected shader compiler UnityShaderCompiler.exe after 0.04 seconds
Refreshing native plugins compatible for Editor in 0.36 ms, found 1 plugins.
Preloading 0 native plugins for Editor in 0.00 ms.
Unloading 1807 Unused Serialized files (Serialized files now loaded: 0)
System memory in use before: 85.8 MB.
System memory in use after: 85.8 MB.

Unloading 23 unused Assets to reduce memory usage. Loaded Objects now: 2249.
Total: 2.360700 ms (FindLiveObjects: 0.198800 ms CreateObjectMapping: 0.048100 ms MarkObjects: 2.003600 ms  DeleteObjects: 0.109000 ms)

========================================================================
Received Import Request.
  path: Assets/Prefabs/MainMenu.prefab
  artifactKey: Guid(00b0e949913c4f2459408885320a80ab) Importer(815301076,1909f56bfc062723c751e8b465ee728b)
Start importing Assets/Prefabs/MainMenu.prefab using Guid(00b0e949913c4f2459408885320a80ab) Importer(815301076,1909f56bfc062723c751e8b465ee728b)  -> (artifact id: 'a71786540bb691125a140f2167cbe615') in 0.077947 seconds
  Import took 0.080838 seconds .

========================================================================
Received Import Request.
  Time since last request: 0.000188 seconds.
  path: Assets/Prefabs/CreditsMenu.prefab
  artifactKey: Guid(d727efcf67c5bfa469901c921f701a72) Importer(815301076,1909f56bfc062723c751e8b465ee728b)
Start importing Assets/Prefabs/CreditsMenu.prefab using Guid(d727efcf67c5bfa469901c921f701a72) Importer(815301076,1909f56bfc062723c751e8b465ee728b)  -> (artifact id: '227075c3dffb8c7537e7896f18d16157') in 0.003953 seconds
  Import took 0.006665 seconds .

========================================================================
Received Import Request.
  Time since last request: 74.748652 seconds.
  path: Assets/Scenes/SampleScene.unity
  artifactKey: Guid(d11b6b2f41524254ca7166095cf5be6c) Importer(815301076,1909f56bfc062723c751e8b465ee728b)
Start importing Assets/Scenes/SampleScene.unity using Guid(d11b6b2f41524254ca7166095cf5be6c) Importer(815301076,1909f56bfc062723c751e8b465ee728b)  -> (artifact id: 'c0b83e746821aaecf05873328339149e') in 0.004161 seconds
  Import took 0.007019 seconds .

========================================================================
Received Import Request.
  Time since last request: 137.164868 seconds.
  path: Assets/Scenes/MainMenu.unity
  artifactKey: Guid(d70f7db0abafb764197765eb17733ff1) Importer(815301076,1909f56bfc062723c751e8b465ee728b)
Start importing Assets/Scenes/MainMenu.unity using Guid(d70f7db0abafb764197765eb17733ff1) Importer(815301076,1909f56bfc062723c751e8b465ee728b)  -> (artifact id: 'fa9aca784de61b74cefd84067903177e') in 0.004297 seconds
  Import took 0.007660 seconds .

========================================================================
Received Import Request.
  Time since last request: 0.000514 seconds.
  path: Assets/Scenes/MainMenu.unity
  artifactKey: Guid(d70f7db0abafb764197765eb17733ff1) Importer(815301076,1909f56bfc062723c751e8b465ee728b)
Start importing Assets/Scenes/MainMenu.unity using Guid(d70f7db0abafb764197765eb17733ff1) Importer(815301076,1909f56bfc062723c751e8b465ee728b)  -> (artifact id: 'fa9aca784de61b74cefd84067903177e') in 0.002610 seconds
  Import took 0.005498 seconds .

========================================================================
Received Import Request.
  Time since last request: 11.133030 seconds.
  path: Assets/Prefabs/MainMenu.prefab
  artifactKey: Guid(00b0e949913c4f2459408885320a80ab) Importer(815301076,1909f56bfc062723c751e8b465ee728b)
Start importing Assets/Prefabs/MainMenu.prefab using Guid(00b0e949913c4f2459408885320a80ab) Importer(815301076,1909f56bfc062723c751e8b465ee728b)  -> (artifact id: 'c735defc921ba4641bc35b51542fe9f2') in 0.046212 seconds
  Import took 0.049150 seconds .

========================================================================
Received Import Request.
  Time since last request: 201.617059 seconds.
  path: Assets/Prefabs/CreditsMenu.prefab
  artifactKey: Guid(d727efcf67c5bfa469901c921f701a72) Importer(815301076,1909f56bfc062723c751e8b465ee728b)
Start importing Assets/Prefabs/CreditsMenu.prefab using Guid(d727efcf67c5bfa469901c921f701a72) Importer(815301076,1909f56bfc062723c751e8b465ee728b)  -> (artifact id: '39a57db74181ea0f80c6fa2ca6f0305e') in 0.008120 seconds
  Import took 0.011227 seconds .

========================================================================
Received Import Request.
  Time since last request: 10.812784 seconds.
  path: Assets/Prefabs/CreditsMenu.prefab
  artifactKey: Guid(d727efcf67c5bfa469901c921f701a72) Importer(815301076,1909f56bfc062723c751e8b465ee728b)
Start importing Assets/Prefabs/CreditsMenu.prefab using Guid(d727efcf67c5bfa469901c921f701a72) Importer(815301076,1909f56bfc062723c751e8b465ee728b)  -> (artifact id: 'b0a8212204b41628d6785b71bbdfa786') in 0.004030 seconds
  Import took 0.007349 seconds .

========================================================================
Received Import Request.
  Time since last request: 15.670571 seconds.
  path: Assets/Prefabs/CreditsMenu.prefab
  artifactKey: Guid(d727efcf67c5bfa469901c921f701a72) Importer(815301076,1909f56bfc062723c751e8b465ee728b)
Start importing Assets/Prefabs/CreditsMenu.prefab using Guid(d727efcf67c5bfa469901c921f701a72) Importer(815301076,1909f56bfc062723c751e8b465ee728b)  -> (artifact id: '3fa1621b04578a1fb7c5c5d3574545b8') in 0.004037 seconds
  Import took 0.007255 seconds .

========================================================================
Received Import Request.
  Time since last request: 0.579931 seconds.
  path: Assets/Prefabs/CreditsMenu.prefab
  artifactKey: Guid(d727efcf67c5bfa469901c921f701a72) Importer(815301076,1909f56bfc062723c751e8b465ee728b)
Start importing Assets/Prefabs/CreditsMenu.prefab using Guid(d727efcf67c5bfa469901c921f701a72) Importer(815301076,1909f56bfc062723c751e8b465ee728b)  -> (artifact id: '725725a47163e06cb2392ad10f7a7bec') in 0.004162 seconds
  Import took 0.007156 seconds .

========================================================================
Received Import Request.
  Time since last request: 241.704703 seconds.
  path: Assets/Prefabs/PauseMenu.prefab
  artifactKey: Guid(38f3b052c0a97c6419ed5332bc41608b) Importer(815301076,1909f56bfc062723c751e8b465ee728b)
Start importing Assets/Prefabs/PauseMenu.prefab using Guid(38f3b052c0a97c6419ed5332bc41608b) Importer(815301076,1909f56bfc062723c751e8b465ee728b)  -> (artifact id: '838753df5f17496fa7b993658049e285') in 0.031649 seconds
  Import took 0.034798 seconds .

========================================================================
Received Import Request.
  Time since last request: 0.969079 seconds.
  path: Assets/Prefabs/PauseMenu.prefab
  artifactKey: Guid(38f3b052c0a97c6419ed5332bc41608b) Importer(815301076,1909f56bfc062723c751e8b465ee728b)
Start importing Assets/Prefabs/PauseMenu.prefab using Guid(38f3b052c0a97c6419ed5332bc41608b) Importer(815301076,1909f56bfc062723c751e8b465ee728b)  -> (artifact id: 'bfd9095524a6f7ec20a3ef6d0083c928') in 0.024376 seconds
  Import took 0.027507 seconds .

========================================================================
Received Import Request.
  Time since last request: 5.001349 seconds.
  path: Assets/Prefabs/PauseMenu.prefab
  artifactKey: Guid(38f3b052c0a97c6419ed5332bc41608b) Importer(815301076,1909f56bfc062723c751e8b465ee728b)
Start importing Assets/Prefabs/PauseMenu.prefab using Guid(38f3b052c0a97c6419ed5332bc41608b) Importer(815301076,1909f56bfc062723c751e8b465ee728b)  -> (artifact id: '508931406a43baeea5993d1c6b4705ff') in 0.023947 seconds
  Import took 0.026988 seconds .

========================================================================
Received Import Request.
  Time since last request: 20.394939 seconds.
  path: Assets/Prefabs/AudioControls.prefab
  artifactKey: Guid(38f3b052c0a97c6419ed5332bc41608b) Importer(815301076,1909f56bfc062723c751e8b465ee728b)
Start importing Assets/Prefabs/AudioControls.prefab using Guid(38f3b052c0a97c6419ed5332bc41608b) Importer(815301076,1909f56bfc062723c751e8b465ee728b)  -> (artifact id: '453dfb817b2a203340b79b2a3b021be0') in 0.028467 seconds
  Import took 0.031440 seconds .

========================================================================
Received Prepare
Registering precompiled user dll's ...
Registered in 0.000787 seconds.
Begin MonoManager ReloadAssembly
Native extension for LinuxStandalone target not found
Native extension for WindowsStandalone target not found
Native extension for OSXStandalone target not found
Native extension for WebGL target not found
Refreshing native plugins compatible for Editor in 0.37 ms, found 1 plugins.
Preloading 0 native plugins for Editor in 0.00 ms.
Invoked RoslynAnalysisRunner static constructor.
RoslynAnalysisRunner will not be running.
RoslynAnalysisRunner has terminated.
Mono: successfully reloaded assembly
- Completed reload, in  0.854 seconds
Platform modules already initialized, skipping
Refreshing native plugins compatible for Editor in 0.37 ms, found 1 plugins.
Preloading 0 native plugins for Editor in 0.00 ms.
Unloading 1789 Unused Serialized files (Serialized files now loaded: 0)
System memory in use before: 85.1 MB.
System memory in use after: 85.1 MB.

Unloading 15 unused Assets to reduce memory usage. Loaded Objects now: 2252.
Total: 2.041800 ms (FindLiveObjects: 0.180800 ms CreateObjectMapping: 0.044500 ms MarkObjects: 1.704000 ms  DeleteObjects: 0.111100 ms)

========================================================================
Received Prepare
Registering precompiled user dll's ...
Registered in 0.000819 seconds.
Begin MonoManager ReloadAssembly
Native extension for LinuxStandalone target not found
Native extension for WindowsStandalone target not found
Native extension for OSXStandalone target not found
Native extension for WebGL target not found
Refreshing native plugins compatible for Editor in 0.37 ms, found 1 plugins.
Preloading 0 native plugins for Editor in 0.00 ms.
Invoked RoslynAnalysisRunner static constructor.
RoslynAnalysisRunner will not be running.
RoslynAnalysisRunner has terminated.
Mono: successfully reloaded assembly
- Completed reload, in  0.894 seconds
Platform modules already initialized, skipping
Refreshing native plugins compatible for Editor in 0.36 ms, found 1 plugins.
Preloading 0 native plugins for Editor in 0.00 ms.
Unloading 1789 Unused Serialized files (Serialized files now loaded: 0)
System memory in use before: 85.3 MB.
System memory in use after: 85.3 MB.

Unloading 12 unused Assets to reduce memory usage. Loaded Objects now: 2255.
Total: 2.058600 ms (FindLiveObjects: 0.193400 ms CreateObjectMapping: 0.046800 ms MarkObjects: 1.716700 ms  DeleteObjects: 0.100900 ms)

========================================================================
Received Prepare
Registering precompiled user dll's ...
Registered in 0.000780 seconds.
Begin MonoManager ReloadAssembly
Native extension for LinuxStandalone target not found
Native extension for WindowsStandalone target not found
Native extension for OSXStandalone target not found
Native extension for WebGL target not found
Refreshing native plugins compatible for Editor in 0.36 ms, found 1 plugins.
Preloading 0 native plugins for Editor in 0.00 ms.
Invoked RoslynAnalysisRunner static constructor.
RoslynAnalysisRunner will not be running.
RoslynAnalysisRunner has terminated.
Mono: successfully reloaded assembly
- Completed reload, in  0.854 seconds
Platform modules already initialized, skipping
Refreshing native plugins compatible for Editor in 0.36 ms, found 1 plugins.
Preloading 0 native plugins for Editor in 0.00 ms.
Unloading 1789 Unused Serialized files (Serialized files now loaded: 0)
System memory in use before: 85.6 MB.
System memory in use after: 85.6 MB.

Unloading 12 unused Assets to reduce memory usage. Loaded Objects now: 2258.
Total: 1.955900 ms (FindLiveObjects: 0.170200 ms CreateObjectMapping: 0.043700 ms MarkObjects: 1.640000 ms  DeleteObjects: 0.101000 ms)

========================================================================
Received Prepare
Registering precompiled user dll's ...
Registered in 0.000785 seconds.
Begin MonoManager ReloadAssembly
Native extension for LinuxStandalone target not found
Native extension for WindowsStandalone target not found
Native extension for OSXStandalone target not found
Native extension for WebGL target not found
Refreshing native plugins compatible for Editor in 0.36 ms, found 1 plugins.
Preloading 0 native plugins for Editor in 0.00 ms.
Invoked RoslynAnalysisRunner static constructor.
RoslynAnalysisRunner will not be running.
RoslynAnalysisRunner has terminated.
Mono: successfully reloaded assembly
- Completed reload, in  0.843 seconds
Platform modules already initialized, skipping
Refreshing native plugins compatible for Editor in 0.37 ms, found 1 plugins.
Preloading 0 native plugins for Editor in 0.00 ms.
Unloading 1789 Unused Serialized files (Serialized files now loaded: 0)
System memory in use before: 85.8 MB.
System memory in use after: 85.8 MB.

Unloading 12 unused Assets to reduce memory usage. Loaded Objects now: 2261.
Total: 1.991700 ms (FindLiveObjects: 0.180100 ms CreateObjectMapping: 0.044700 ms MarkObjects: 1.670900 ms  DeleteObjects: 0.095100 ms)

========================================================================
Received Import Request.
  Time since last request: 321.751960 seconds.
  path: Assets/Scripts/PauseMenu.cs
  artifactKey: Guid(9fd0dca42d7faf34eb0c1f847f8dfe2a) Importer(815301076,1909f56bfc062723c751e8b465ee728b)
Start importing Assets/Scripts/PauseMenu.cs using Guid(9fd0dca42d7faf34eb0c1f847f8dfe2a) Importer(815301076,1909f56bfc062723c751e8b465ee728b)  -> (artifact id: '1b30cbc33caf8ab1b7e3cba29866d2e2') in 0.008459 seconds
  Import took 0.011534 seconds .

========================================================================
Received Import Request.
  Time since last request: 0.023060 seconds.
  path: Assets/Scripts/PauseMenu.cs
  artifactKey: Guid(9fd0dca42d7faf34eb0c1f847f8dfe2a) Importer(815301076,1909f56bfc062723c751e8b465ee728b)
Start importing Assets/Scripts/PauseMenu.cs using Guid(9fd0dca42d7faf34eb0c1f847f8dfe2a) Importer(815301076,1909f56bfc062723c751e8b465ee728b)  -> (artifact id: '1b30cbc33caf8ab1b7e3cba29866d2e2') in 0.002337 seconds
  Import took 0.005278 seconds .

========================================================================
Received Prepare
Registering precompiled user dll's ...
Registered in 0.000782 seconds.
Begin MonoManager ReloadAssembly
Native extension for LinuxStandalone target not found
Native extension for WindowsStandalone target not found
Native extension for OSXStandalone target not found
Native extension for WebGL target not found
Refreshing native plugins compatible for Editor in 0.40 ms, found 1 plugins.
Preloading 0 native plugins for Editor in 0.00 ms.
Invoked RoslynAnalysisRunner static constructor.
RoslynAnalysisRunner will not be running.
RoslynAnalysisRunner has terminated.
Mono: successfully reloaded assembly
- Completed reload, in  0.853 seconds
Platform modules already initialized, skipping
Refreshing native plugins compatible for Editor in 0.35 ms, found 1 plugins.
Preloading 0 native plugins for Editor in 0.00 ms.
Unloading 1789 Unused Serialized files (Serialized files now loaded: 0)
System memory in use before: 86.0 MB.
System memory in use after: 86.0 MB.

Unloading 12 unused Assets to reduce memory usage. Loaded Objects now: 2264.
Total: 2.147800 ms (FindLiveObjects: 0.185800 ms CreateObjectMapping: 0.043800 ms MarkObjects: 1.812700 ms  DeleteObjects: 0.104500 ms)

========================================================================
Received Prepare
Registering precompiled user dll's ...
Registered in 0.000790 seconds.
Begin MonoManager ReloadAssembly
Native extension for LinuxStandalone target not found
Native extension for WindowsStandalone target not found
Native extension for OSXStandalone target not found
Native extension for WebGL target not found
Refreshing native plugins compatible for Editor in 0.37 ms, found 1 plugins.
Preloading 0 native plugins for Editor in 0.00 ms.
Invoked RoslynAnalysisRunner static constructor.
RoslynAnalysisRunner will not be running.
RoslynAnalysisRunner has terminated.
Mono: successfully reloaded assembly
- Completed reload, in  0.854 seconds
Platform modules already initialized, skipping
Refreshing native plugins compatible for Editor in 0.35 ms, found 1 plugins.
Preloading 0 native plugins for Editor in 0.00 ms.
Unloading 1789 Unused Serialized files (Serialized files now loaded: 0)
System memory in use before: 86.2 MB.
System memory in use after: 86.2 MB.

Unloading 12 unused Assets to reduce memory usage. Loaded Objects now: 2267.
Total: 2.102400 ms (FindLiveObjects: 0.182300 ms CreateObjectMapping: 0.044800 ms MarkObjects: 1.768700 ms  DeleteObjects: 0.105800 ms)

========================================================================
Received Prepare
Registering precompiled user dll's ...
Registered in 0.000787 seconds.
Begin MonoManager ReloadAssembly
Native extension for LinuxStandalone target not found
Native extension for WindowsStandalone target not found
Native extension for OSXStandalone target not found
Native extension for WebGL target not found
Refreshing native plugins compatible for Editor in 0.36 ms, found 1 plugins.
Preloading 0 native plugins for Editor in 0.00 ms.
Invoked RoslynAnalysisRunner static constructor.
RoslynAnalysisRunner will not be running.
RoslynAnalysisRunner has terminated.
Mono: successfully reloaded assembly
- Completed reload, in  0.836 seconds
Platform modules already initialized, skipping
Refreshing native plugins compatible for Editor in 0.34 ms, found 1 plugins.
Preloading 0 native plugins for Editor in 0.00 ms.
Unloading 1789 Unused Serialized files (Serialized files now loaded: 0)
System memory in use before: 86.4 MB.
System memory in use after: 86.4 MB.

Unloading 12 unused Assets to reduce memory usage. Loaded Objects now: 2270.
Total: 2.017800 ms (FindLiveObjects: 0.175300 ms CreateObjectMapping: 0.044300 ms MarkObjects: 1.697400 ms  DeleteObjects: 0.099500 ms)

========================================================================
Received Prepare
Registering precompiled user dll's ...
Registered in 0.000753 seconds.
Begin MonoManager ReloadAssembly
Native extension for LinuxStandalone target not found
Native extension for WindowsStandalone target not found
Native extension for OSXStandalone target not found
Native extension for WebGL target not found
Refreshing native plugins compatible for Editor in 0.36 ms, found 1 plugins.
Preloading 0 native plugins for Editor in 0.00 ms.
Invoked RoslynAnalysisRunner static constructor.
RoslynAnalysisRunner will not be running.
RoslynAnalysisRunner has terminated.
Mono: successfully reloaded assembly
- Completed reload, in  0.835 seconds
Platform modules already initialized, skipping
Refreshing native plugins compatible for Editor in 0.35 ms, found 1 plugins.
Preloading 0 native plugins for Editor in 0.00 ms.
Unloading 1789 Unused Serialized files (Serialized files now loaded: 0)
System memory in use before: 86.6 MB.
System memory in use after: 86.6 MB.

Unloading 12 unused Assets to reduce memory usage. Loaded Objects now: 2273.
Total: 2.596800 ms (FindLiveObjects: 0.298400 ms CreateObjectMapping: 0.077000 ms MarkObjects: 2.093200 ms  DeleteObjects: 0.127000 ms)

========================================================================
Received Prepare
Registering precompiled user dll's ...
Registered in 0.000787 seconds.
Begin MonoManager ReloadAssembly
Native extension for LinuxStandalone target not found
Native extension for WindowsStandalone target not found
Native extension for OSXStandalone target not found
Native extension for WebGL target not found
Refreshing native plugins compatible for Editor in 0.35 ms, found 1 plugins.
Preloading 0 native plugins for Editor in 0.00 ms.
Invoked RoslynAnalysisRunner static constructor.
RoslynAnalysisRunner will not be running.
RoslynAnalysisRunner has terminated.
Mono: successfully reloaded assembly
- Completed reload, in  0.851 seconds
Platform modules already initialized, skipping
Refreshing native plugins compatible for Editor in 0.36 ms, found 1 plugins.
Preloading 0 native plugins for Editor in 0.00 ms.
Unloading 1789 Unused Serialized files (Serialized files now loaded: 0)
System memory in use before: 86.8 MB.
System memory in use after: 86.8 MB.

Unloading 12 unused Assets to reduce memory usage. Loaded Objects now: 2276.
Total: 2.228200 ms (FindLiveObjects: 0.185900 ms CreateObjectMapping: 0.044300 ms MarkObjects: 1.889200 ms  DeleteObjects: 0.107700 ms)

========================================================================
Received Import Request.
  Time since last request: 244.750409 seconds.
  path: Assets/Prefabs/AudioControls.prefab
  artifactKey: Guid(38f3b052c0a97c6419ed5332bc41608b) Importer(815301076,1909f56bfc062723c751e8b465ee728b)
Start importing Assets/Prefabs/AudioControls.prefab using Guid(38f3b052c0a97c6419ed5332bc41608b) Importer(815301076,1909f56bfc062723c751e8b465ee728b)  -> (artifact id: 'a2647ad77f74c34e058de65c437fe17b') in 0.083710 seconds
  Import took 0.086827 seconds .

========================================================================
Received Prepare
Registering precompiled user dll's ...
Registered in 0.000736 seconds.
Begin MonoManager ReloadAssembly
Native extension for LinuxStandalone target not found
Native extension for WindowsStandalone target not found
Native extension for OSXStandalone target not found
Native extension for WebGL target not found
Refreshing native plugins compatible for Editor in 0.35 ms, found 1 plugins.
Preloading 0 native plugins for Editor in 0.00 ms.
Invoked RoslynAnalysisRunner static constructor.
RoslynAnalysisRunner will not be running.
RoslynAnalysisRunner has terminated.
Mono: successfully reloaded assembly
- Completed reload, in  0.838 seconds
Platform modules already initialized, skipping
Refreshing native plugins compatible for Editor in 0.38 ms, found 1 plugins.
Preloading 0 native plugins for Editor in 0.00 ms.
Unloading 1789 Unused Serialized files (Serialized files now loaded: 0)
System memory in use before: 86.0 MB.
System memory in use after: 86.0 MB.

Unloading 15 unused Assets to reduce memory usage. Loaded Objects now: 2279.
Total: 1.949300 ms (FindLiveObjects: 0.171600 ms CreateObjectMapping: 0.044400 ms MarkObjects: 1.624500 ms  DeleteObjects: 0.108100 ms)

========================================================================
Received Import Request.
  Time since last request: 73.635274 seconds.
  path: Assets/Prefabs/AudioControls.prefab
  artifactKey: Guid(38f3b052c0a97c6419ed5332bc41608b) Importer(815301076,1909f56bfc062723c751e8b465ee728b)
Start importing Assets/Prefabs/AudioControls.prefab using Guid(38f3b052c0a97c6419ed5332bc41608b) Importer(815301076,1909f56bfc062723c751e8b465ee728b)  -> (artifact id: '119cc729fbc08abdf6887dd345c82ed0') in 0.083448 seconds
  Import took 0.086312 seconds .

========================================================================
Received Import Request.
  Time since last request: 0.131575 seconds.
  path: Assets/Prefabs/AudioControls.prefab
  artifactKey: Guid(38f3b052c0a97c6419ed5332bc41608b) Importer(815301076,1909f56bfc062723c751e8b465ee728b)
Start importing Assets/Prefabs/AudioControls.prefab using Guid(38f3b052c0a97c6419ed5332bc41608b) Importer(815301076,1909f56bfc062723c751e8b465ee728b)  -> (artifact id: '270d87c3f7f7c7ed9be43b4d7e23bca2') in 0.023653 seconds
  Import took 0.026741 seconds .

========================================================================
Received Import Request.
  Time since last request: 1.622399 seconds.
  path: Assets/Prefabs/AudioControls.prefab
  artifactKey: Guid(38f3b052c0a97c6419ed5332bc41608b) Importer(815301076,1909f56bfc062723c751e8b465ee728b)
Start importing Assets/Prefabs/AudioControls.prefab using Guid(38f3b052c0a97c6419ed5332bc41608b) Importer(815301076,1909f56bfc062723c751e8b465ee728b)  -> (artifact id: 'dfb3feecfa7b1c4ef35e119f522db363') in 0.024544 seconds
  Import took 0.027479 seconds .

========================================================================
Received Import Request.
  Time since last request: 4.806085 seconds.
  path: Assets/Prefabs/AudioControls.prefab
  artifactKey: Guid(38f3b052c0a97c6419ed5332bc41608b) Importer(815301076,1909f56bfc062723c751e8b465ee728b)
Start importing Assets/Prefabs/AudioControls.prefab using Guid(38f3b052c0a97c6419ed5332bc41608b) Importer(815301076,1909f56bfc062723c751e8b465ee728b)  -> (artifact id: '3c2ce5ff374c4320cca454c142bd27e9') in 0.023375 seconds
  Import took 0.026376 seconds .

========================================================================
Received Import Request.
  Time since last request: 5.007745 seconds.
  path: Assets/Prefabs/AudioControls.prefab
  artifactKey: Guid(38f3b052c0a97c6419ed5332bc41608b) Importer(815301076,1909f56bfc062723c751e8b465ee728b)
Start importing Assets/Prefabs/AudioControls.prefab using Guid(38f3b052c0a97c6419ed5332bc41608b) Importer(815301076,1909f56bfc062723c751e8b465ee728b)  -> (artifact id: '25a02f5660806eea17dba3c919fc2c47') in 0.024024 seconds
  Import took 0.027003 seconds .

========================================================================
Received Import Request.
  Time since last request: 1.252333 seconds.
  path: Assets/Prefabs/AudioControls.prefab
  artifactKey: Guid(38f3b052c0a97c6419ed5332bc41608b) Importer(815301076,1909f56bfc062723c751e8b465ee728b)
Start importing Assets/Prefabs/AudioControls.prefab using Guid(38f3b052c0a97c6419ed5332bc41608b) Importer(815301076,1909f56bfc062723c751e8b465ee728b)  -> (artifact id: '06fb1c09ee8a10ee2f95346abcba5fe2') in 0.023281 seconds
  Import took 0.026282 seconds .

========================================================================
Received Prepare
Registering precompiled user dll's ...
Registered in 0.000781 seconds.
Begin MonoManager ReloadAssembly
Native extension for LinuxStandalone target not found
Native extension for WindowsStandalone target not found
Native extension for OSXStandalone target not found
Native extension for WebGL target not found
Refreshing native plugins compatible for Editor in 0.35 ms, found 1 plugins.
Preloading 0 native plugins for Editor in 0.00 ms.
Invoked RoslynAnalysisRunner static constructor.
RoslynAnalysisRunner will not be running.
RoslynAnalysisRunner has terminated.
Mono: successfully reloaded assembly
- Completed reload, in  0.843 seconds
Platform modules already initialized, skipping
Refreshing native plugins compatible for Editor in 0.35 ms, found 1 plugins.
Preloading 0 native plugins for Editor in 0.00 ms.
Unloading 1789 Unused Serialized files (Serialized files now loaded: 0)
System memory in use before: 86.2 MB.
System memory in use after: 86.2 MB.

Unloading 15 unused Assets to reduce memory usage. Loaded Objects now: 2282.
Total: 2.051800 ms (FindLiveObjects: 0.188100 ms CreateObjectMapping: 0.043900 ms MarkObjects: 1.703000 ms  DeleteObjects: 0.116000 ms)

========================================================================
Received Import Request.
  Time since last request: 33.172845 seconds.
  path: Assets/Prefabs/AudioControls.prefab
  artifactKey: Guid(38f3b052c0a97c6419ed5332bc41608b) Importer(815301076,1909f56bfc062723c751e8b465ee728b)
Start importing Assets/Prefabs/AudioControls.prefab using Guid(38f3b052c0a97c6419ed5332bc41608b) Importer(815301076,1909f56bfc062723c751e8b465ee728b)  -> (artifact id: '25c22e64385511852ea01648dbf9f21e') in 0.085533 seconds
  Import took 0.088603 seconds .

========================================================================
Received Prepare
Registering precompiled user dll's ...
Registered in 0.000760 seconds.
Begin MonoManager ReloadAssembly
Native extension for LinuxStandalone target not found
Native extension for WindowsStandalone target not found
Native extension for OSXStandalone target not found
Native extension for WebGL target not found
Refreshing native plugins compatible for Editor in 0.36 ms, found 1 plugins.
Preloading 0 native plugins for Editor in 0.00 ms.
Invoked RoslynAnalysisRunner static constructor.
RoslynAnalysisRunner will not be running.
RoslynAnalysisRunner has terminated.
Mono: successfully reloaded assembly
- Completed reload, in  0.837 seconds
Platform modules already initialized, skipping
Refreshing native plugins compatible for Editor in 0.35 ms, found 1 plugins.
Preloading 0 native plugins for Editor in 0.00 ms.
Unloading 1789 Unused Serialized files (Serialized files now loaded: 0)
System memory in use before: 86.5 MB.
System memory in use after: 86.5 MB.

Unloading 15 unused Assets to reduce memory usage. Loaded Objects now: 2285.
Total: 2.019800 ms (FindLiveObjects: 0.185500 ms CreateObjectMapping: 0.043900 ms MarkObjects: 1.665100 ms  DeleteObjects: 0.124500 ms)

========================================================================
Received Prepare
Registering precompiled user dll's ...
Registered in 0.000790 seconds.
Begin MonoManager ReloadAssembly
Native extension for LinuxStandalone target not found
Native extension for WindowsStandalone target not found
Native extension for OSXStandalone target not found
Native extension for WebGL target not found
Refreshing native plugins compatible for Editor in 0.35 ms, found 1 plugins.
Preloading 0 native plugins for Editor in 0.00 ms.
Invoked RoslynAnalysisRunner static constructor.
RoslynAnalysisRunner will not be running.
RoslynAnalysisRunner has terminated.
Mono: successfully reloaded assembly
- Completed reload, in  0.841 seconds
Platform modules already initialized, skipping
Refreshing native plugins compatible for Editor in 0.35 ms, found 1 plugins.
Preloading 0 native plugins for Editor in 0.00 ms.
Unloading 1789 Unused Serialized files (Serialized files now loaded: 0)
System memory in use before: 86.7 MB.
System memory in use after: 86.7 MB.

Unloading 12 unused Assets to reduce memory usage. Loaded Objects now: 2288.
Total: 1.986500 ms (FindLiveObjects: 0.180100 ms CreateObjectMapping: 0.044200 ms MarkObjects: 1.661300 ms  DeleteObjects: 0.099900 ms)

========================================================================
Received Import Request.
  Time since last request: 441.980222 seconds.
  path: Assets/Audio/Soundtracks
  artifactKey: Guid(e7e6f37ac5a5c6e4a9bb4b2f39827449) Importer(815301076,1909f56bfc062723c751e8b465ee728b)
Start importing Assets/Audio/Soundtracks using Guid(e7e6f37ac5a5c6e4a9bb4b2f39827449) Importer(815301076,1909f56bfc062723c751e8b465ee728b)  -> (artifact id: '7b425344fe8d42a886be430c6afa306d') in 0.010197 seconds
  Import took 0.013290 seconds .

========================================================================
Received Import Request.
  Time since last request: 0.041915 seconds.
  path: Assets/Audio/Soundtracks/Paralysis.wav
  artifactKey: Guid(8974248977f425540aaa8138abc0615e) Importer(815301076,1909f56bfc062723c751e8b465ee728b)
Start importing Assets/Audio/Soundtracks/Paralysis.wav using Guid(8974248977f425540aaa8138abc0615e) Importer(815301076,1909f56bfc062723c751e8b465ee728b)  -> (artifact id: '12e94ec78b6aaae844327cd238d48384') in 0.085403 seconds
  Import took 0.088233 seconds .

========================================================================
Received Prepare
Registering precompiled user dll's ...
Registered in 0.000786 seconds.
Begin MonoManager ReloadAssembly
Native extension for LinuxStandalone target not found
Native extension for WindowsStandalone target not found
Native extension for OSXStandalone target not found
Native extension for WebGL target not found
Refreshing native plugins compatible for Editor in 0.36 ms, found 1 plugins.
Preloading 0 native plugins for Editor in 0.00 ms.
Invoked RoslynAnalysisRunner static constructor.
RoslynAnalysisRunner will not be running.
RoslynAnalysisRunner has terminated.
Mono: successfully reloaded assembly
- Completed reload, in  0.841 seconds
Platform modules already initialized, skipping
Refreshing native plugins compatible for Editor in 0.36 ms, found 1 plugins.
Preloading 0 native plugins for Editor in 0.00 ms.
Unloading 1789 Unused Serialized files (Serialized files now loaded: 0)
System memory in use before: 90.0 MB.
System memory in use after: 90.0 MB.

Unloading 12 unused Assets to reduce memory usage. Loaded Objects now: 2300.
Total: 1.971300 ms (FindLiveObjects: 0.186100 ms CreateObjectMapping: 0.044100 ms MarkObjects: 1.638600 ms  DeleteObjects: 0.101800 ms)

========================================================================
Received Prepare
Registering precompiled user dll's ...
Registered in 0.000789 seconds.
Begin MonoManager ReloadAssembly
Native extension for LinuxStandalone target not found
Native extension for WindowsStandalone target not found
Native extension for OSXStandalone target not found
Native extension for WebGL target not found
Refreshing native plugins compatible for Editor in 0.35 ms, found 1 plugins.
Preloading 0 native plugins for Editor in 0.00 ms.
Invoked RoslynAnalysisRunner static constructor.
RoslynAnalysisRunner will not be running.
RoslynAnalysisRunner has terminated.
Mono: successfully reloaded assembly
- Completed reload, in  0.845 seconds
Platform modules already initialized, skipping
Refreshing native plugins compatible for Editor in 0.36 ms, found 1 plugins.
Preloading 0 native plugins for Editor in 0.00 ms.
Unloading 1789 Unused Serialized files (Serialized files now loaded: 0)
System memory in use before: 89.2 MB.
System memory in use after: 89.2 MB.

Unloading 12 unused Assets to reduce memory usage. Loaded Objects now: 2303.
Total: 2.181100 ms (FindLiveObjects: 0.194600 ms CreateObjectMapping: 0.046200 ms MarkObjects: 1.830300 ms  DeleteObjects: 0.109000 ms)

========================================================================
Received Prepare
Registering precompiled user dll's ...
Registered in 0.000771 seconds.
Begin MonoManager ReloadAssembly
Native extension for LinuxStandalone target not found
Native extension for WindowsStandalone target not found
Native extension for OSXStandalone target not found
Native extension for WebGL target not found
Refreshing native plugins compatible for Editor in 0.35 ms, found 1 plugins.
Preloading 0 native plugins for Editor in 0.00 ms.
Invoked RoslynAnalysisRunner static constructor.
RoslynAnalysisRunner will not be running.
RoslynAnalysisRunner has terminated.
Mono: successfully reloaded assembly
- Completed reload, in  0.841 seconds
Platform modules already initialized, skipping
Refreshing native plugins compatible for Editor in 0.39 ms, found 1 plugins.
Preloading 0 native plugins for Editor in 0.00 ms.
Unloading 1789 Unused Serialized files (Serialized files now loaded: 0)
System memory in use before: 89.4 MB.
System memory in use after: 89.4 MB.

Unloading 12 unused Assets to reduce memory usage. Loaded Objects now: 2306.
Total: 2.177000 ms (FindLiveObjects: 0.212000 ms CreateObjectMapping: 0.045700 ms MarkObjects: 1.809800 ms  DeleteObjects: 0.107900 ms)

========================================================================
Received Prepare
Registering precompiled user dll's ...
Registered in 0.000773 seconds.
Begin MonoManager ReloadAssembly
Native extension for LinuxStandalone target not found
Native extension for WindowsStandalone target not found
Native extension for OSXStandalone target not found
Native extension for WebGL target not found
Refreshing native plugins compatible for Editor in 0.35 ms, found 1 plugins.
Preloading 0 native plugins for Editor in 0.00 ms.
Invoked RoslynAnalysisRunner static constructor.
RoslynAnalysisRunner will not be running.
RoslynAnalysisRunner has terminated.
Mono: successfully reloaded assembly
- Completed reload, in  0.847 seconds
Platform modules already initialized, skipping
Refreshing native plugins compatible for Editor in 0.36 ms, found 1 plugins.
Preloading 0 native plugins for Editor in 0.00 ms.
Unloading 1789 Unused Serialized files (Serialized files now loaded: 0)
System memory in use before: 89.6 MB.
System memory in use after: 89.6 MB.

Unloading 12 unused Assets to reduce memory usage. Loaded Objects now: 2309.
Total: 1.986800 ms (FindLiveObjects: 0.177400 ms CreateObjectMapping: 0.045600 ms MarkObjects: 1.659500 ms  DeleteObjects: 0.103300 ms)

========================================================================
Received Prepare
Registering precompiled user dll's ...
Registered in 0.000792 seconds.
Begin MonoManager ReloadAssembly
Native extension for LinuxStandalone target not found
Native extension for WindowsStandalone target not found
Native extension for OSXStandalone target not found
Native extension for WebGL target not found
Refreshing native plugins compatible for Editor in 0.36 ms, found 1 plugins.
Preloading 0 native plugins for Editor in 0.00 ms.
Invoked RoslynAnalysisRunner static constructor.
RoslynAnalysisRunner will not be running.
RoslynAnalysisRunner has terminated.
Mono: successfully reloaded assembly
- Completed reload, in  0.844 seconds
Platform modules already initialized, skipping
Refreshing native plugins compatible for Editor in 0.41 ms, found 1 plugins.
Preloading 0 native plugins for Editor in 0.00 ms.
Unloading 1789 Unused Serialized files (Serialized files now loaded: 0)
System memory in use before: 89.8 MB.
System memory in use after: 89.8 MB.

Unloading 12 unused Assets to reduce memory usage. Loaded Objects now: 2312.
Total: 1.964000 ms (FindLiveObjects: 0.185800 ms CreateObjectMapping: 0.044500 ms MarkObjects: 1.631900 ms  DeleteObjects: 0.101100 ms)

========================================================================
Received Prepare
Registering precompiled user dll's ...
Registered in 0.000780 seconds.
Begin MonoManager ReloadAssembly
Native extension for LinuxStandalone target not found
Native extension for WindowsStandalone target not found
Native extension for OSXStandalone target not found
Native extension for WebGL target not found
Refreshing native plugins compatible for Editor in 0.35 ms, found 1 plugins.
Preloading 0 native plugins for Editor in 0.00 ms.
Invoked RoslynAnalysisRunner static constructor.
RoslynAnalysisRunner will not be running.
RoslynAnalysisRunner has terminated.
Mono: successfully reloaded assembly
- Completed reload, in  0.838 seconds
Platform modules already initialized, skipping
Refreshing native plugins compatible for Editor in 0.35 ms, found 1 plugins.
Preloading 0 native plugins for Editor in 0.00 ms.
Unloading 1789 Unused Serialized files (Serialized files now loaded: 0)
System memory in use before: 90.0 MB.
System memory in use after: 90.0 MB.

Unloading 12 unused Assets to reduce memory usage. Loaded Objects now: 2315.
Total: 2.039800 ms (FindLiveObjects: 0.186200 ms CreateObjectMapping: 0.046200 ms MarkObjects: 1.696300 ms  DeleteObjects: 0.110200 ms)

========================================================================
Received Prepare
Registering precompiled user dll's ...
Registered in 0.000806 seconds.
Begin MonoManager ReloadAssembly
Native extension for LinuxStandalone target not found
Native extension for WindowsStandalone target not found
Native extension for OSXStandalone target not found
Native extension for WebGL target not found
Refreshing native plugins compatible for Editor in 0.35 ms, found 1 plugins.
Preloading 0 native plugins for Editor in 0.00 ms.
Invoked RoslynAnalysisRunner static constructor.
RoslynAnalysisRunner will not be running.
RoslynAnalysisRunner has terminated.
Mono: successfully reloaded assembly
- Completed reload, in  0.850 seconds
Platform modules already initialized, skipping
Refreshing native plugins compatible for Editor in 0.35 ms, found 1 plugins.
Preloading 0 native plugins for Editor in 0.00 ms.
Unloading 1789 Unused Serialized files (Serialized files now loaded: 0)
System memory in use before: 89.3 MB.
System memory in use after: 89.3 MB.

Unloading 12 unused Assets to reduce memory usage. Loaded Objects now: 2318.
Total: 2.005100 ms (FindLiveObjects: 0.182700 ms CreateObjectMapping: 0.046100 ms MarkObjects: 1.673100 ms  DeleteObjects: 0.102600 ms)

========================================================================
Received Import Request.
  Time since last request: 626.067349 seconds.
  path: Assets/Audio/Menu SFX/Menu change selection.wav
  artifactKey: Guid(29ed593c0b8fc9045aa8a34feb929086) Importer(815301076,1909f56bfc062723c751e8b465ee728b)
Start importing Assets/Audio/Menu SFX/Menu change selection.wav using Guid(29ed593c0b8fc9045aa8a34feb929086) Importer(815301076,1909f56bfc062723c751e8b465ee728b)  -> (artifact id: '32fa03d9eae407182c5ab84551f256a1') in 0.050379 seconds
  Import took 0.053364 seconds .

========================================================================
Received Import Request.
  Time since last request: 0.000183 seconds.
  path: Assets/Audio/Menu SFX/Menu pause.wav
  artifactKey: Guid(930686dac6f9bbe478a58572ae2cc799) Importer(815301076,1909f56bfc062723c751e8b465ee728b)
Start importing Assets/Audio/Menu SFX/Menu pause.wav using Guid(930686dac6f9bbe478a58572ae2cc799) Importer(815301076,1909f56bfc062723c751e8b465ee728b)  -> (artifact id: '47c85183d4c4bcf2f41a1b5690a4389c') in 0.015648 seconds
  Import took 0.018603 seconds .

========================================================================
Received Import Request.
  Time since last request: 0.000185 seconds.
  path: Assets/Audio/Menu SFX/Menu select.wav
  artifactKey: Guid(b00495eda0b9d4946a33c13fb3c1b981) Importer(815301076,1909f56bfc062723c751e8b465ee728b)
Start importing Assets/Audio/Menu SFX/Menu select.wav using Guid(b00495eda0b9d4946a33c13fb3c1b981) Importer(815301076,1909f56bfc062723c751e8b465ee728b)  -> (artifact id: '786021814181b02892471c9aa5a60b5c') in 0.017790 seconds
  Import took 0.020809 seconds .

========================================================================
Received Prepare
Registering precompiled user dll's ...
Registered in 0.000782 seconds.
Begin MonoManager ReloadAssembly
Native extension for LinuxStandalone target not found
Native extension for WindowsStandalone target not found
Native extension for OSXStandalone target not found
Native extension for WebGL target not found
Refreshing native plugins compatible for Editor in 0.35 ms, found 1 plugins.
Preloading 0 native plugins for Editor in 0.00 ms.
Invoked RoslynAnalysisRunner static constructor.
RoslynAnalysisRunner will not be running.
RoslynAnalysisRunner has terminated.
Mono: successfully reloaded assembly
- Completed reload, in  0.839 seconds
Platform modules already initialized, skipping
Refreshing native plugins compatible for Editor in 0.34 ms, found 1 plugins.
Preloading 0 native plugins for Editor in 0.00 ms.
Unloading 1789 Unused Serialized files (Serialized files now loaded: 0)
System memory in use before: 89.5 MB.
System memory in use after: 89.5 MB.

Unloading 12 unused Assets to reduce memory usage. Loaded Objects now: 2322.
Total: 2.061800 ms (FindLiveObjects: 0.181100 ms CreateObjectMapping: 0.043600 ms MarkObjects: 1.731700 ms  DeleteObjects: 0.104800 ms)

========================================================================
Received Import Request.
  Time since last request: 76.521175 seconds.
  path: Assets/Scripts
  artifactKey: Guid(0396862a7aa8c8f4b957bf2a78479b3e) Importer(815301076,1909f56bfc062723c751e8b465ee728b)
Start importing Assets/Scripts using Guid(0396862a7aa8c8f4b957bf2a78479b3e) Importer(815301076,1909f56bfc062723c751e8b465ee728b)  -> (artifact id: 'c8a98c9b82dbce95e6f132b78520fa11') in 0.010207 seconds
  Import took 0.013118 seconds .

========================================================================
Received Import Request.
  Time since last request: 6.877703 seconds.
  path: Assets/Scripts/MenuDoots.cs
  artifactKey: Guid(7102150300b91514a88f8094e56d5891) Importer(815301076,1909f56bfc062723c751e8b465ee728b)
Start importing Assets/Scripts/MenuDoots.cs using Guid(7102150300b91514a88f8094e56d5891) Importer(815301076,1909f56bfc062723c751e8b465ee728b)  -> (artifact id: '985de18f4e9db2a95efcff84f72e75fb') in 0.006982 seconds
  Import took 0.010272 seconds .

========================================================================
Received Prepare
Registering precompiled user dll's ...
Registered in 0.000849 seconds.
Begin MonoManager ReloadAssembly
Native extension for LinuxStandalone target not found
Native extension for WindowsStandalone target not found
Native extension for OSXStandalone target not found
Native extension for WebGL target not found
Refreshing native plugins compatible for Editor in 0.36 ms, found 1 plugins.
Preloading 0 native plugins for Editor in 0.00 ms.
Invoked RoslynAnalysisRunner static constructor.
RoslynAnalysisRunner will not be running.
RoslynAnalysisRunner has terminated.
Mono: successfully reloaded assembly
- Completed reload, in  0.857 seconds
Platform modules already initialized, skipping
Refreshing native plugins compatible for Editor in 0.37 ms, found 1 plugins.
Preloading 0 native plugins for Editor in 0.00 ms.
Unloading 1790 Unused Serialized files (Serialized files now loaded: 0)
System memory in use before: 89.7 MB.
System memory in use after: 89.7 MB.

Unloading 12 unused Assets to reduce memory usage. Loaded Objects now: 2326.
Total: 1.991200 ms (FindLiveObjects: 0.185300 ms CreateObjectMapping: 0.044500 ms MarkObjects: 1.654400 ms  DeleteObjects: 0.106100 ms)

========================================================================
Received Import Request.
  Time since last request: 45.000382 seconds.
  path: Assets/Audio/Menu SFX
  artifactKey: Guid(147a3918370df584dbf25264efffa808) Importer(815301076,1909f56bfc062723c751e8b465ee728b)
Start importing Assets/Audio/Menu SFX using Guid(147a3918370df584dbf25264efffa808) Importer(815301076,1909f56bfc062723c751e8b465ee728b)  -> (artifact id: 'f64e2a8aa8ff2e2d2fead61862bf7d9d') in 0.010289 seconds
  Import took 0.013473 seconds .

========================================================================
Received Prepare
Registering precompiled user dll's ...
Registered in 0.000789 seconds.
Begin MonoManager ReloadAssembly
Native extension for LinuxStandalone target not found
Native extension for WindowsStandalone target not found
Native extension for OSXStandalone target not found
Native extension for WebGL target not found
Refreshing native plugins compatible for Editor in 0.36 ms, found 1 plugins.
Preloading 0 native plugins for Editor in 0.00 ms.
Invoked RoslynAnalysisRunner static constructor.
RoslynAnalysisRunner will not be running.
RoslynAnalysisRunner has terminated.
Mono: successfully reloaded assembly
- Completed reload, in  0.839 seconds
Platform modules already initialized, skipping
Refreshing native plugins compatible for Editor in 0.36 ms, found 1 plugins.
Preloading 0 native plugins for Editor in 0.00 ms.
Unloading 1790 Unused Serialized files (Serialized files now loaded: 0)
System memory in use before: 89.9 MB.
System memory in use after: 89.9 MB.

Unloading 12 unused Assets to reduce memory usage. Loaded Objects now: 2329.
Total: 2.044800 ms (FindLiveObjects: 0.186200 ms CreateObjectMapping: 0.045700 ms MarkObjects: 1.705500 ms  DeleteObjects: 0.103500 ms)

========================================================================
Received Prepare
Registering precompiled user dll's ...
Registered in 0.000768 seconds.
Begin MonoManager ReloadAssembly
Native extension for LinuxStandalone target not found
Native extension for WindowsStandalone target not found
Native extension for OSXStandalone target not found
Native extension for WebGL target not found
Refreshing native plugins compatible for Editor in 0.35 ms, found 1 plugins.
Preloading 0 native plugins for Editor in 0.00 ms.
Invoked RoslynAnalysisRunner static constructor.
RoslynAnalysisRunner will not be running.
RoslynAnalysisRunner has terminated.
Mono: successfully reloaded assembly
- Completed reload, in  0.849 seconds
Platform modules already initialized, skipping
Refreshing native plugins compatible for Editor in 0.36 ms, found 1 plugins.
Preloading 0 native plugins for Editor in 0.00 ms.
Unloading 1790 Unused Serialized files (Serialized files now loaded: 0)
System memory in use before: 90.1 MB.
System memory in use after: 90.1 MB.

Unloading 12 unused Assets to reduce memory usage. Loaded Objects now: 2332.
Total: 2.005600 ms (FindLiveObjects: 0.187300 ms CreateObjectMapping: 0.044400 ms MarkObjects: 1.667700 ms  DeleteObjects: 0.105500 ms)

========================================================================
Received Prepare
Registering precompiled user dll's ...
Registered in 0.000783 seconds.
Begin MonoManager ReloadAssembly
Native extension for LinuxStandalone target not found
Native extension for WindowsStandalone target not found
Native extension for OSXStandalone target not found
Native extension for WebGL target not found
Refreshing native plugins compatible for Editor in 0.35 ms, found 1 plugins.
Preloading 0 native plugins for Editor in 0.00 ms.
Invoked RoslynAnalysisRunner static constructor.
RoslynAnalysisRunner will not be running.
RoslynAnalysisRunner has terminated.
Mono: successfully reloaded assembly
- Completed reload, in  0.850 seconds
Platform modules already initialized, skipping
Refreshing native plugins compatible for Editor in 0.36 ms, found 1 plugins.
Preloading 0 native plugins for Editor in 0.00 ms.
Unloading 1790 Unused Serialized files (Serialized files now loaded: 0)
System memory in use before: 89.3 MB.
System memory in use after: 89.3 MB.

Unloading 12 unused Assets to reduce memory usage. Loaded Objects now: 2335.
Total: 2.038500 ms (FindLiveObjects: 0.183000 ms CreateObjectMapping: 0.045800 ms MarkObjects: 1.702700 ms  DeleteObjects: 0.106300 ms)

========================================================================
Received Prepare
Registering precompiled user dll's ...
Registered in 0.000790 seconds.
Begin MonoManager ReloadAssembly
Native extension for LinuxStandalone target not found
Native extension for WindowsStandalone target not found
Native extension for OSXStandalone target not found
Native extension for WebGL target not found
Refreshing native plugins compatible for Editor in 0.36 ms, found 1 plugins.
Preloading 0 native plugins for Editor in 0.00 ms.
Invoked RoslynAnalysisRunner static constructor.
RoslynAnalysisRunner will not be running.
RoslynAnalysisRunner has terminated.
Mono: successfully reloaded assembly
- Completed reload, in  0.841 seconds
Platform modules already initialized, skipping
Refreshing native plugins compatible for Editor in 0.38 ms, found 1 plugins.
Preloading 0 native plugins for Editor in 0.00 ms.
Unloading 1790 Unused Serialized files (Serialized files now loaded: 0)
System memory in use before: 89.6 MB.
System memory in use after: 89.6 MB.

Unloading 12 unused Assets to reduce memory usage. Loaded Objects now: 2338.
Total: 2.091700 ms (FindLiveObjects: 0.198600 ms CreateObjectMapping: 0.046800 ms MarkObjects: 1.734300 ms  DeleteObjects: 0.110800 ms)

========================================================================
Received Prepare
Registering precompiled user dll's ...
Registered in 0.000789 seconds.
Begin MonoManager ReloadAssembly
Native extension for LinuxStandalone target not found
Native extension for WindowsStandalone target not found
Native extension for OSXStandalone target not found
Native extension for WebGL target not found
Refreshing native plugins compatible for Editor in 0.36 ms, found 1 plugins.
Preloading 0 native plugins for Editor in 0.00 ms.
Invoked RoslynAnalysisRunner static constructor.
RoslynAnalysisRunner will not be running.
RoslynAnalysisRunner has terminated.
Mono: successfully reloaded assembly
- Completed reload, in  0.872 seconds
Platform modules already initialized, skipping
Refreshing native plugins compatible for Editor in 0.36 ms, found 1 plugins.
Preloading 0 native plugins for Editor in 0.00 ms.
Unloading 1790 Unused Serialized files (Serialized files now loaded: 0)
System memory in use before: 89.8 MB.
System memory in use after: 89.8 MB.

Unloading 12 unused Assets to reduce memory usage. Loaded Objects now: 2341.
Total: 2.067800 ms (FindLiveObjects: 0.204500 ms CreateObjectMapping: 0.047800 ms MarkObjects: 1.704300 ms  DeleteObjects: 0.110400 ms)

========================================================================
Received Prepare
Registering precompiled user dll's ...
Registered in 0.000766 seconds.
Begin MonoManager ReloadAssembly
Native extension for LinuxStandalone target not found
Native extension for WindowsStandalone target not found
Native extension for OSXStandalone target not found
Native extension for WebGL target not found
Refreshing native plugins compatible for Editor in 0.35 ms, found 1 plugins.
Preloading 0 native plugins for Editor in 0.00 ms.
Invoked RoslynAnalysisRunner static constructor.
RoslynAnalysisRunner will not be running.
RoslynAnalysisRunner has terminated.
Mono: successfully reloaded assembly
- Completed reload, in  0.836 seconds
Platform modules already initialized, skipping
Refreshing native plugins compatible for Editor in 0.35 ms, found 1 plugins.
Preloading 0 native plugins for Editor in 0.00 ms.
Unloading 1790 Unused Serialized files (Serialized files now loaded: 0)
System memory in use before: 90.0 MB.
System memory in use after: 90.0 MB.

Unloading 12 unused Assets to reduce memory usage. Loaded Objects now: 2344.
Total: 1.977300 ms (FindLiveObjects: 0.179700 ms CreateObjectMapping: 0.045300 ms MarkObjects: 1.646600 ms  DeleteObjects: 0.104800 ms)

========================================================================
Received Prepare
Registering precompiled user dll's ...
Registered in 0.000797 seconds.
Begin MonoManager ReloadAssembly
Native extension for LinuxStandalone target not found
Native extension for WindowsStandalone target not found
Native extension for OSXStandalone target not found
Native extension for WebGL target not found
Refreshing native plugins compatible for Editor in 0.35 ms, found 1 plugins.
Preloading 0 native plugins for Editor in 0.00 ms.
Invoked RoslynAnalysisRunner static constructor.
RoslynAnalysisRunner will not be running.
RoslynAnalysisRunner has terminated.
Mono: successfully reloaded assembly
- Completed reload, in  0.839 seconds
Platform modules already initialized, skipping
Refreshing native plugins compatible for Editor in 0.36 ms, found 1 plugins.
Preloading 0 native plugins for Editor in 0.00 ms.
Unloading 1790 Unused Serialized files (Serialized files now loaded: 0)
System memory in use before: 90.1 MB.
System memory in use after: 90.1 MB.

Unloading 12 unused Assets to reduce memory usage. Loaded Objects now: 2347.
Total: 2.541200 ms (FindLiveObjects: 0.202200 ms CreateObjectMapping: 0.046600 ms MarkObjects: 2.159600 ms  DeleteObjects: 0.131300 ms)

========================================================================
Received Prepare
Registering precompiled user dll's ...
Registered in 0.000751 seconds.
Begin MonoManager ReloadAssembly
Native extension for LinuxStandalone target not found
Native extension for WindowsStandalone target not found
Native extension for OSXStandalone target not found
Native extension for WebGL target not found
Refreshing native plugins compatible for Editor in 0.36 ms, found 1 plugins.
Preloading 0 native plugins for Editor in 0.00 ms.
Invoked RoslynAnalysisRunner static constructor.
RoslynAnalysisRunner will not be running.
RoslynAnalysisRunner has terminated.
Mono: successfully reloaded assembly
- Completed reload, in  0.840 seconds
Platform modules already initialized, skipping
Refreshing native plugins compatible for Editor in 0.36 ms, found 1 plugins.
Preloading 0 native plugins for Editor in 0.00 ms.
Unloading 1790 Unused Serialized files (Serialized files now loaded: 0)
System memory in use before: 89.4 MB.
System memory in use after: 89.4 MB.

Unloading 12 unused Assets to reduce memory usage. Loaded Objects now: 2350.
Total: 1.993300 ms (FindLiveObjects: 0.179500 ms CreateObjectMapping: 0.045300 ms MarkObjects: 1.667600 ms  DeleteObjects: 0.100000 ms)

========================================================================
Received Prepare
Registering precompiled user dll's ...
Registered in 0.000754 seconds.
Begin MonoManager ReloadAssembly
Native extension for LinuxStandalone target not found
Native extension for WindowsStandalone target not found
Native extension for OSXStandalone target not found
Native extension for WebGL target not found
Refreshing native plugins compatible for Editor in 0.37 ms, found 1 plugins.
Preloading 0 native plugins for Editor in 0.00 ms.
Invoked RoslynAnalysisRunner static constructor.
RoslynAnalysisRunner will not be running.
RoslynAnalysisRunner has terminated.
Mono: successfully reloaded assembly
- Completed reload, in  0.835 seconds
Platform modules already initialized, skipping
Refreshing native plugins compatible for Editor in 0.61 ms, found 1 plugins.
Preloading 0 native plugins for Editor in 0.00 ms.
Unloading 1790 Unused Serialized files (Serialized files now loaded: 0)
System memory in use before: 89.6 MB.
System memory in use after: 89.6 MB.

Unloading 12 unused Assets to reduce memory usage. Loaded Objects now: 2353.
Total: 2.370900 ms (FindLiveObjects: 0.187800 ms CreateObjectMapping: 0.045700 ms MarkObjects: 2.006600 ms  DeleteObjects: 0.129900 ms)

AssetImportWorkerClient::OnTransportError - code=2 error=End of file
